2022.08.24 15:01:26 INFO  tracing is disabled for protocol LSP, to enable tracing of incoming and outgoing JSON messages create an empty file at /home/haoyangl/spark-test-apps/.metals/lsp.trace.json or /home/haoyangl/.cache/metals/lsp.trace.json
2022.08.24 15:01:26 INFO  logging to file /home/haoyangl/spark-test-apps/.metals/metals.log
2022.08.24 15:01:26 INFO  Started: Metals version 0.11.8 in workspace '/home/haoyangl/spark-test-apps' for client Visual Studio Code 1.70.1.
2022.08.24 15:01:26 WARN  Flyway upgrade recommended: H2 2.1.214 is newer than this version of Flyway and support has not been tested. The latest supported version of H2 is 2.1.210.
2022.08.24 15:01:27 INFO  time: initialize in 0.88s
Aug 24, 2022 3:01:27 PM org.eclipse.lsp4j.jsonrpc.services.GenericEndpoint notify
INFO: Unsupported notification method: $/setTrace
2022.08.24 15:01:27 WARN  Build server is not auto-connectable.
2022.08.24 15:01:50 WARN  no build target for: /home/haoyangl/spark-test-apps/src/main/scala/TestLocalityWait.scala
2022.08.24 15:01:52 INFO  no build target found for /home/haoyangl/spark-test-apps/src/main/scala/TestLocalityWait.scala. Using presentation compiler with project's scala-library version: 3.1.3
2022.08.24 15:01:52 WARN  no build target for: /home/haoyangl/spark-test-apps/build.sbt
2022.08.24 15:01:54 INFO  time: code lens generation in 1.19s
2022.08.24 15:01:54 INFO  time: code lens generation in 2.59s
2022.08.24 15:02:30 WARN  no build target for: /home/haoyangl/spark-test-apps/build.sbt
2022.08.24 15:02:33 INFO  running '/usr/lib/jvm/java-8-openjdk-amd64/jre/bin/java -Djline.terminal=jline.UnsupportedTerminal -Dsbt.log.noformat=true -Dfile.encoding=UTF-8 -Dsbt.version=1.7.1 -jar /tmp/metals7660330560146053508/sbt-launch.jar -Dbloop.export-jar-classifiers=sources bloopInstall'
2022.08.24 15:02:33 WARN  no build target for: /home/haoyangl/spark-test-apps/project/metals.sbt
2022.08.24 15:02:33 WARN  no build target for: /home/haoyangl/spark-test-apps/project/project/metals.sbt
2022.08.24 15:02:33 INFO  [info] Updated file /home/haoyangl/spark-test-apps/project/build.properties: set sbt.version to 1.7.1
2022.08.24 15:02:33 INFO  [info] welcome to sbt 1.7.1 (Private Build Java 1.8.0_342)
2022.08.24 15:02:35 INFO  [info] loading settings for project spark-test-apps-build-build from metals.sbt ...
2022.08.24 15:02:35 INFO  [info] loading project definition from /home/haoyangl/spark-test-apps/project/project
2022.08.24 15:02:37 INFO  [info] loading settings for project spark-test-apps-build from metals.sbt ...
2022.08.24 15:02:37 INFO  [info] loading project definition from /home/haoyangl/spark-test-apps/project
2022.08.24 15:02:38 INFO  [success] Generated .bloop/spark-test-apps-build.json
2022.08.24 15:02:38 INFO  [success] Total time: 1 s, completed Aug 24, 2022 3:02:38 PM
2022.08.24 15:02:38 INFO  [info] loading settings for project spark-test-apps from build.sbt ...
2022.08.24 15:02:38 INFO  [info] set current project to Test Spark Apps (in build file:/home/haoyangl/spark-test-apps/)
2022.08.24 15:02:42 WARN  no build target for: /home/haoyangl/spark-test-apps/src/main/scala/TestLocalityWait.scala
2022.08.24 15:02:47 WARN  no build target for: /home/haoyangl/spark-test-apps/src/main/scala/TestLocalityWait.scala
2022.08.24 15:03:04 WARN  no build target for: /home/haoyangl/spark-test-apps/src/main/scala/TestLocalityWait.scala
2022.08.24 15:03:13 WARN  no build target for: /home/haoyangl/spark-test-apps/src/main/scala/TestLocalityWait.scala
2022.08.24 15:15:45 INFO  running '/usr/lib/jvm/java-8-openjdk-amd64/jre/bin/java -Djline.terminal=jline.UnsupportedTerminal -Dsbt.log.noformat=true -Dfile.encoding=UTF-8 -jar /tmp/metals1441373655242634202/sbt-launch.jar -Dbloop.export-jar-classifiers=sources bloopInstall'
2022.08.24 15:15:46 INFO  [info] welcome to sbt 1.7.1 (Private Build Java 1.8.0_342)
2022.08.24 15:15:46 INFO  [info] loading settings for project spark-test-apps-build-build from metals.sbt ...
2022.08.24 15:15:47 INFO  [info] loading project definition from /home/haoyangl/spark-test-apps/project/project
2022.08.24 15:15:47 INFO  [info] loading settings for project spark-test-apps-build from metals.sbt ...
2022.08.24 15:15:47 INFO  [info] loading project definition from /home/haoyangl/spark-test-apps/project
2022.08.24 15:15:49 INFO  [success] Generated .bloop/spark-test-apps-build.json
2022.08.24 15:15:49 INFO  [success] Total time: 1 s, completed Aug 24, 2022 3:15:49 PM
2022.08.24 15:15:49 INFO  [info] loading settings for project spark-test-apps from build.sbt ...
2022.08.24 15:15:49 INFO  [info] set current project to Test Spark Apps (in build file:/home/haoyangl/spark-test-apps/)
Aug 24, 2022 3:16:09 PM org.eclipse.lsp4j.jsonrpc.RemoteEndpoint handleCancellation
WARNING: Unmatched cancel notification for request id 123
Aug 24, 2022 3:16:09 PM org.eclipse.lsp4j.jsonrpc.RemoteEndpoint handleCancellation
WARNING: Unmatched cancel notification for request id 125
2022.08.24 15:16:11 WARN  no build target for: /home/haoyangl/spark-test-apps/src/main/scala/TestLocalityWait.scala
2022.08.24 15:16:17 WARN  no build target for: /home/haoyangl/spark-test-apps/src/main/scala/TestLocalityWait.scala
2022.08.24 15:17:25 INFO  user cancelled sbt bloopInstall
2022.08.24 15:17:26 INFO  time: ran 'sbt bloopInstall' in 14m53s
2022.08.24 15:17:26 INFO  user cancelled sbt bloopInstall
2022.08.24 15:17:26 INFO  time: ran 'sbt bloopInstall' in 1m41s
